<?xml version="1.0" encoding="UTF-8"?>
<testsuite xmlns:xsi="http://www.w3.org/2001/XMLSchema-instance" xsi:noNamespaceSchemaLocation="https://maven.apache.org/surefire/maven-surefire-plugin/xsd/surefire-test-report-3.0.xsd" version="3.0" name="TestSuite" time="2.352" tests="3" errors="0" skipped="0" failures="0">
  <properties>
[...]
</properties>
  <testcase name="tc3" classname="scripts.Test3" time="0.021">
    <system-out><![CDATA[python
]]></system-out>
  </testcase>
  <testcase name="tc2" classname="scripts.Test2" time="0.013">
    <system-out><![CDATA[java
]]></system-out>
  </testcase>
  <testcase name="tc1" classname="scripts.Test1" time="0.003">
    <system-out><![CDATA[selenium
]]></system-out>
  </testcase>
</testsuite>