<?xml version="1.0" encoding="UTF-8"?>
<testng-results ignored="0" total="1" passed="1" failed="0" skipped="0">
  <reporter-output>
  </reporter-output>
  <suite started-at="2022-08-10T19:04:17 IST" name="Default suite" finished-at="2022-08-10T19:04:17 IST" duration-ms="77">
    <groups>
    </groups>
    <test started-at="2022-08-10T19:04:17 IST" name="Default test" finished-at="2022-08-10T19:04:17 IST" duration-ms="77">
      <class name="scripts.NewTest">
        <test-method is-config="true" signature="beforeMethod()[pri:0, instance:scripts.NewTest@7ee955a8]" started-at="2022-08-10T19:04:17 IST" name="beforeMethod" finished-at="2022-08-10T19:04:17 IST" duration-ms="7" status="PASS">
          <reporter-output>
          </reporter-output>
        </test-method> <!-- beforeMethod -->
        <test-method signature="f()[pri:0, instance:scripts.NewTest@7ee955a8]" started-at="2022-08-10T19:04:17 IST" name="f" finished-at="2022-08-10T19:04:17 IST" duration-ms="7" status="PASS">
          <reporter-output>
          </reporter-output>
        </test-method> <!-- f -->
        <test-method is-config="true" signature="afterMethod()[pri:0, instance:scripts.NewTest@7ee955a8]" started-at="2022-08-10T19:04:17 IST" name="afterMethod" finished-at="2022-08-10T19:04:17 IST" duration-ms="0" status="PASS">
          <reporter-output>
          </reporter-output>
        </test-method> <!-- afterMethod -->
      </class> <!-- scripts.NewTest -->
    </test> <!-- Default test -->
  </suite> <!-- Default suite -->
</testng-results>
